<?xml version="1.0" encoding="UTF-8"?>
<!-- Generated by org.testng.reporters.JUnitReportReporter -->
<testsuite skipped="0" hostname="DESKTOP-U63N6IR" name="com.qa.app.testLoginFeature" tests="6" failures="0" timestamp="2021-09-27T21:53:16 IST" time="8.010" errors="0">
  <testcase name="validateLoginButton" time="0.381" classname="com.qa.app.testLoginFeature"/>
  <system-out/>
  <testcase name="validateErrorMessage" time="1.642" classname="com.qa.app.testLoginFeature"/>
  <system-out/>
  <testcase name="login" time="4.727" classname="com.qa.app.testLoginFeature"/>
  <system-out/>
  <testcase name="validatenavigationToHomePage" time="0.052" classname="com.qa.app.testLoginFeature"/>
  <system-out/>
  <testcase name="logout" time="1.195" classname="com.qa.app.testLoginFeature"/>
  <system-out/>
  <testcase name="validateReturningTologinPage" time="0.013" classname="com.qa.app.testLoginFeature"/>
  <system-out/>
</testsuite> <!-- com.qa.app.testLoginFeature -->
